0 info it worked if it ends with ok
1 verbose cli [ '/usr/bin/nodejs', '/usr/bin/npm', 'install', '==save', 'ejs' ]
2 info using npm@1.3.10
3 info using node@v0.10.25
4 warn package.json missile-warfare@0.0.1 No repository field.
5 verbose readDependencies using package.json deps
6 verbose cache add [ '==save', null ]
7 verbose cache add name=undefined spec="==save" args=["==save",null]
8 verbose parsed url { protocol: null,
8 verbose parsed url   slashes: null,
8 verbose parsed url   auth: null,
8 verbose parsed url   host: null,
8 verbose parsed url   port: null,
8 verbose parsed url   hostname: null,
8 verbose parsed url   hash: null,
8 verbose parsed url   search: null,
8 verbose parsed url   query: null,
8 verbose parsed url   pathname: '==save',
8 verbose parsed url   path: '==save',
8 verbose parsed url   href: '==save' }
9 verbose cache add [ 'ejs@^2.3.4', null ]
10 verbose cache add name=undefined spec="ejs@^2.3.4" args=["ejs@^2.3.4",null]
11 verbose parsed url { protocol: null,
11 verbose parsed url   slashes: null,
11 verbose parsed url   auth: null,
11 verbose parsed url   host: null,
11 verbose parsed url   port: null,
11 verbose parsed url   hostname: null,
11 verbose parsed url   hash: null,
11 verbose parsed url   search: null,
11 verbose parsed url   query: null,
11 verbose parsed url   pathname: 'ejs@^2.3.4',
11 verbose parsed url   path: 'ejs@^2.3.4',
11 verbose parsed url   href: 'ejs@^2.3.4' }
12 verbose cache add name="ejs" spec="^2.3.4" args=["ejs","^2.3.4"]
13 verbose parsed url { protocol: null,
13 verbose parsed url   slashes: null,
13 verbose parsed url   auth: null,
13 verbose parsed url   host: null,
13 verbose parsed url   port: null,
13 verbose parsed url   hostname: null,
13 verbose parsed url   hash: null,
13 verbose parsed url   search: null,
13 verbose parsed url   query: null,
13 verbose parsed url   pathname: '^2.3.4',
13 verbose parsed url   path: '^2.3.4',
13 verbose parsed url   href: '^2.3.4' }
14 verbose addNamed [ 'ejs', '^2.3.4' ]
15 verbose addNamed [ null, '>=2.3.4-0 <3.0.0-0' ]
16 silly lockFile f3c81799-save ==save
17 verbose lock ==save /home/ken/.npm/f3c81799-save.lock
18 silly lockFile 3bc190c9-ejs-2-3-4 ejs@^2.3.4
19 verbose lock ejs@^2.3.4 /home/ken/.npm/3bc190c9-ejs-2-3-4.lock
20 silly addNameRange { name: 'ejs', range: '>=2.3.4-0 <3.0.0-0', hasData: false }
21 silly lockFile f3c81799-save ==save
22 silly lockFile f3c81799-save ==save
23 verbose addNamed [ '==save', '' ]
24 verbose addNamed [ null, '*' ]
25 silly lockFile dd084a72-save ==save@
26 verbose lock ==save@ /home/ken/.npm/dd084a72-save.lock
27 silly addNameRange { name: '==save', range: '*', hasData: false }
28 verbose url raw ==save
29 verbose url resolving [ 'https://registry.npmjs.org/', './%3D%3Dsave' ]
30 verbose url resolved https://registry.npmjs.org/%3D%3Dsave
31 info trying registry request attempt 1 at 17:42:48
32 http GET https://registry.npmjs.org/%3D%3Dsave
33 verbose url raw ejs
34 verbose url resolving [ 'https://registry.npmjs.org/', './ejs' ]
35 verbose url resolved https://registry.npmjs.org/ejs
36 info trying registry request attempt 1 at 17:42:48
37 verbose etag "DTDH5CLNY0NPHXDZ72601SXBI"
38 http GET https://registry.npmjs.org/ejs
39 http 304 https://registry.npmjs.org/ejs
40 silly registry.get cb [ 304,
40 silly registry.get   { date: 'Fri, 23 Oct 2015 21:42:48 GMT',
40 silly registry.get     via: '1.1 varnish',
40 silly registry.get     'cache-control': 'max-age=60',
40 silly registry.get     etag: '"DTDH5CLNY0NPHXDZ72601SXBI"',
40 silly registry.get     age: '37',
40 silly registry.get     connection: 'keep-alive',
40 silly registry.get     'x-served-by': 'cache-iad2130-IAD',
40 silly registry.get     'x-cache': 'HIT',
40 silly registry.get     'x-cache-hits': '1',
40 silly registry.get     'x-timer': 'S1445636568.441883,VS0,VE0',
40 silly registry.get     vary: 'Accept' } ]
41 verbose etag ejs from cache
42 silly addNameRange number 2 { name: 'ejs', range: '>=2.3.4-0 <3.0.0-0', hasData: true }
43 silly addNameRange versions [ 'ejs',
43 silly addNameRange   [ '0.0.1',
43 silly addNameRange     '0.0.2',
43 silly addNameRange     '0.0.3',
43 silly addNameRange     '0.0.4',
43 silly addNameRange     '0.1.0',
43 silly addNameRange     '0.2.0',
43 silly addNameRange     '0.2.1',
43 silly addNameRange     '0.3.0',
43 silly addNameRange     '0.3.1',
43 silly addNameRange     '0.4.0',
43 silly addNameRange     '0.4.1',
43 silly addNameRange     '0.4.2',
43 silly addNameRange     '0.4.3',
43 silly addNameRange     '0.5.0',
43 silly addNameRange     '0.6.0',
43 silly addNameRange     '0.6.1',
43 silly addNameRange     '0.7.0',
43 silly addNameRange     '0.7.1',
43 silly addNameRange     '0.7.2',
43 silly addNameRange     '0.8.0',
43 silly addNameRange     '0.8.1',
43 silly addNameRange     '0.8.2',
43 silly addNameRange     '0.8.3',
43 silly addNameRange     '0.8.4',
43 silly addNameRange     '0.8.5',
43 silly addNameRange     '0.8.6',
43 silly addNameRange     '0.8.8',
43 silly addNameRange     '1.0.0',
43 silly addNameRange     '2.0.2',
43 silly addNameRange     '2.0.3',
43 silly addNameRange     '2.0.4',
43 silly addNameRange     '2.0.5',
43 silly addNameRange     '2.0.6',
43 silly addNameRange     '2.0.7',
43 silly addNameRange     '2.0.8',
43 silly addNameRange     '2.1.1',
43 silly addNameRange     '2.1.2',
43 silly addNameRange     '2.1.3',
43 silly addNameRange     '2.1.4',
43 silly addNameRange     '2.2.1',
43 silly addNameRange     '2.2.2',
43 silly addNameRange     '2.2.3',
43 silly addNameRange     '2.2.4',
43 silly addNameRange     '2.3.1',
43 silly addNameRange     '2.3.2',
43 silly addNameRange     '2.3.3',
43 silly addNameRange     '2.3.4' ] ]
44 verbose addNamed [ 'ejs', '2.3.4' ]
45 verbose addNamed [ '2.3.4', '2.3.4' ]
46 silly lockFile 7d57aeaf-ejs-2-3-4 ejs@2.3.4
47 verbose lock ejs@2.3.4 /home/ken/.npm/7d57aeaf-ejs-2-3-4.lock
48 silly lockFile 7d57aeaf-ejs-2-3-4 ejs@2.3.4
49 silly lockFile 7d57aeaf-ejs-2-3-4 ejs@2.3.4
50 silly lockFile 3bc190c9-ejs-2-3-4 ejs@^2.3.4
51 silly lockFile 3bc190c9-ejs-2-3-4 ejs@^2.3.4
52 http 404 https://registry.npmjs.org/%3D%3Dsave
53 silly registry.get cb [ 404,
53 silly registry.get   { 'content-type': 'application/json',
53 silly registry.get     'cache-control': 'max-age=0',
53 silly registry.get     'content-length': '66',
53 silly registry.get     'accept-ranges': 'bytes',
53 silly registry.get     date: 'Fri, 23 Oct 2015 21:42:48 GMT',
53 silly registry.get     via: '1.1 varnish',
53 silly registry.get     age: '0',
53 silly registry.get     connection: 'keep-alive',
53 silly registry.get     'x-served-by': 'cache-iad2148-IAD',
53 silly registry.get     'x-cache': 'MISS',
53 silly registry.get     'x-cache-hits': '0',
53 silly registry.get     'x-timer': 'S1445636568.441621,VS0,VE44' } ]
54 silly addNameRange number 2 { name: '==save', range: '*', hasData: true }
55 silly addNameRange versions [ undefined, [] ]
56 error TypeError: Cannot read property 'latest' of undefined
56 error     at next (/usr/share/npm/lib/cache.js:687:35)
56 error     at /usr/share/npm/lib/cache.js:675:5
56 error     at saved (/usr/share/npm/node_modules/npm-registry-client/lib/get.js:142:7)
56 error     at /usr/lib/nodejs/graceful-fs/polyfills.js:133:7
56 error     at Object.oncomplete (fs.js:107:15)
57 error If you need help, you may report this log at:
57 error     <http://github.com/isaacs/npm/issues>
57 error or email it to:
57 error     <npm-@googlegroups.com>
58 error System Linux 3.19.0-30-generic
59 error command "/usr/bin/nodejs" "/usr/bin/npm" "install" "==save" "ejs"
60 error cwd /home/ken/missile-warfare
61 error node -v v0.10.25
62 error npm -v 1.3.10
63 error type non_object_property_load
64 verbose exit [ 1, true ]
